<?xml version="1.0" encoding="UTF-8"?>
<coverage generated="1778819510089" clover="3.2.0">
  <project timestamp="1778819510089" name="All files">
    <metrics statements="182" coveredstatements="132" conditionals="79" coveredconditionals="36" methods="62" coveredmethods="40" elements="323" coveredelements="208" complexity="0" loc="182" ncloc="182" packages="2" files="6" classes="6"/>
    <package name="components">
      <metrics statements="155" coveredstatements="109" conditionals="70" coveredconditionals="30" methods="56" coveredmethods="35"/>
      <file name="AddNoteModal.jsx" path="/Users/nelson/techtonica/TasteVault/Taste_vault/client/src/components/AddNoteModal.jsx">
        <metrics statements="126" coveredstatements="85" conditionals="60" coveredconditionals="23" methods="36" coveredmethods="21"/>
        <line num="5" count="1" type="stmt"/>
        <line num="6" count="86" type="stmt"/>
        <line num="8" count="86" type="stmt"/>
        <line num="9" count="86" type="stmt"/>
        <line num="10" count="86" type="stmt"/>
        <line num="11" count="86" type="stmt"/>
        <line num="12" count="86" type="stmt"/>
        <line num="24" count="86" type="stmt"/>
        <line num="25" count="86" type="stmt"/>
        <line num="26" count="86" type="stmt"/>
        <line num="27" count="86" type="stmt"/>
        <line num="29" count="86" type="stmt"/>
        <line num="38" count="86" type="stmt"/>
        <line num="39" count="3" type="stmt"/>
        <line num="40" count="3" type="stmt"/>
        <line num="41" count="3" type="stmt"/>
        <line num="43" count="3" type="cond" truecount="1" falsecount="1"/>
        <line num="44" count="0" type="cond" truecount="0" falsecount="2"/>
        <line num="47" count="3" type="stmt"/>
        <line num="49" count="0" type="stmt"/>
        <line num="53" count="86" type="stmt"/>
        <line num="54" count="1" type="stmt"/>
        <line num="55" count="1" type="stmt"/>
        <line num="56" count="1" type="stmt"/>
        <line num="58" count="1" type="stmt"/>
        <line num="75" count="1" type="stmt"/>
        <line num="77" count="1" type="cond" truecount="1" falsecount="1"/>
        <line num="78" count="0" type="cond" truecount="0" falsecount="2"/>
        <line num="81" count="1" type="stmt"/>
        <line num="83" count="1" type="stmt"/>
        <line num="88" count="0" type="stmt"/>
        <line num="89" count="0" type="stmt"/>
        <line num="91" count="1" type="stmt"/>
        <line num="95" count="86" type="stmt"/>
        <line num="96" count="3" type="stmt"/>
        <line num="99" count="86" type="stmt"/>
        <line num="100" count="1" type="stmt"/>
        <line num="101" count="1" type="stmt"/>
        <line num="103" count="1" type="stmt"/>
        <line num="104" count="1" type="stmt"/>
        <line num="105" count="1" type="cond" truecount="1" falsecount="1"/>
        <line num="106" count="0" type="cond" truecount="0" falsecount="2"/>
        <line num="109" count="1" type="stmt"/>
        <line num="110" count="1" type="stmt"/>
        <line num="112" count="0" type="stmt"/>
        <line num="113" count="0" type="stmt"/>
        <line num="115" count="1" type="stmt"/>
        <line num="119" count="86" type="stmt"/>
        <line num="120" count="1" type="stmt"/>
        <line num="121" count="1" type="stmt"/>
        <line num="123" count="1" type="stmt"/>
        <line num="128" count="1" type="stmt"/>
        <line num="131" count="86" type="stmt"/>
        <line num="132" count="23" type="cond" truecount="1" falsecount="1"/>
        <line num="133" count="23" type="stmt"/>
        <line num="136" count="0" type="cond" truecount="0" falsecount="2"/>
        <line num="139" count="86" type="stmt"/>
        <line num="140" count="36" type="stmt"/>
        <line num="142" count="36" type="stmt"/>
        <line num="148" count="86" type="stmt"/>
        <line num="149" count="38" type="stmt"/>
        <line num="151" count="38" type="stmt"/>
        <line num="152" count="38" type="cond" truecount="2" falsecount="2"/>
        <line num="153" count="0" type="stmt"/>
        <line num="155" count="0" type="stmt"/>
        <line num="162" count="86" type="stmt"/>
        <line num="163" count="1" type="stmt"/>
        <line num="165" count="1" type="stmt"/>
        <line num="171" count="86" type="stmt"/>
        <line num="172" count="82" type="cond" truecount="1" falsecount="1"/>
        <line num="173" count="82" type="stmt"/>
        <line num="176" count="82" type="stmt"/>
        <line num="177" count="82" type="stmt"/>
        <line num="181" count="86" type="stmt"/>
        <line num="182" count="0" type="stmt"/>
        <line num="183" count="0" type="cond" truecount="0" falsecount="2"/>
        <line num="184" count="0" type="stmt"/>
        <line num="189" count="86" type="stmt"/>
        <line num="190" count="0" type="stmt"/>
        <line num="191" count="0" type="stmt"/>
        <line num="193" count="0" type="stmt"/>
        <line num="194" count="0" type="stmt"/>
        <line num="197" count="0" type="cond" truecount="0" falsecount="2"/>
        <line num="199" count="0" type="stmt"/>
        <line num="201" count="0" type="cond" truecount="0" falsecount="2"/>
        <line num="203" count="0" type="stmt"/>
        <line num="205" count="0" type="cond" truecount="0" falsecount="2"/>
        <line num="206" count="0" type="stmt"/>
        <line num="208" count="0" type="stmt"/>
        <line num="215" count="0" type="stmt"/>
        <line num="222" count="0" type="stmt"/>
        <line num="227" count="0" type="stmt"/>
        <line num="231" count="86" type="stmt"/>
        <line num="232" count="1" type="stmt"/>
        <line num="233" count="1" type="stmt"/>
        <line num="234" count="1" type="stmt"/>
        <line num="236" count="1" type="cond" truecount="1" falsecount="1"/>
        <line num="237" count="0" type="stmt"/>
        <line num="238" count="0" type="stmt"/>
        <line num="241" count="1" type="stmt"/>
        <line num="242" count="1" type="stmt"/>
        <line num="244" count="1" type="stmt"/>
        <line num="246" count="1" type="stmt"/>
        <line num="255" count="1" type="stmt"/>
        <line num="257" count="1" type="cond" truecount="1" falsecount="1"/>
        <line num="258" count="0" type="cond" truecount="0" falsecount="2"/>
        <line num="261" count="1" type="stmt"/>
        <line num="262" count="1" type="stmt"/>
        <line num="264" count="0" type="stmt"/>
        <line num="265" count="0" type="stmt"/>
        <line num="267" count="1" type="stmt"/>
        <line num="271" count="86" type="stmt"/>
        <line num="278" count="8" type="stmt"/>
        <line num="336" count="1" type="stmt"/>
        <line num="340" count="1" type="stmt"/>
        <line num="380" count="516" type="stmt"/>
        <line num="407" count="82" type="stmt"/>
        <line num="408" count="82" type="stmt"/>
        <line num="412" count="0" type="stmt"/>
        <line num="426" count="0" type="stmt"/>
        <line num="432" count="0" type="stmt"/>
        <line num="433" count="0" type="cond" truecount="0" falsecount="2"/>
        <line num="437" count="0" type="stmt"/>
        <line num="441" count="0" type="stmt"/>
        <line num="462" count="0" type="stmt"/>
        <line num="466" count="0" type="stmt"/>
      </file>
      <file name="GlobalSearchBar.jsx" path="/Users/nelson/techtonica/TasteVault/Taste_vault/client/src/components/GlobalSearchBar.jsx">
        <metrics statements="9" coveredstatements="9" conditionals="2" coveredconditionals="2" methods="5" coveredmethods="5"/>
        <line num="3" count="2" type="stmt"/>
        <line num="4" count="89" type="stmt"/>
        <line num="5" count="45" type="stmt"/>
        <line num="7" count="45" type="cond" truecount="2" falsecount="0"/>
        <line num="9" count="40" type="stmt"/>
        <line num="10" count="2" type="stmt"/>
        <line num="13" count="40" type="stmt"/>
        <line num="16" count="89" type="stmt"/>
        <line num="21" count="39" type="stmt"/>
      </file>
      <file name="Navbar.jsx" path="/Users/nelson/techtonica/TasteVault/Taste_vault/client/src/components/Navbar.jsx">
        <metrics statements="8" coveredstatements="4" conditionals="2" coveredconditionals="2" methods="7" coveredmethods="2"/>
        <line num="7" count="3" type="stmt"/>
        <line num="8" count="3" type="stmt"/>
        <line num="10" count="3" type="stmt"/>
        <line num="16" count="1" type="stmt"/>
        <line num="17" count="0" type="stmt"/>
        <line num="22" count="0" type="stmt"/>
        <line num="33" count="0" type="stmt"/>
        <line num="40" count="0" type="stmt"/>
      </file>
      <file name="WineCard.jsx" path="/Users/nelson/techtonica/TasteVault/Taste_vault/client/src/components/WineCard.jsx">
        <metrics statements="6" coveredstatements="6" conditionals="2" coveredconditionals="1" methods="3" coveredmethods="3"/>
        <line num="1" count="1" type="stmt"/>
        <line num="3" count="2" type="stmt"/>
        <line num="4" count="1" type="stmt"/>
        <line num="5" count="1" type="stmt"/>
        <line num="8" count="2" type="stmt"/>
        <line num="49" count="4" type="stmt"/>
      </file>
      <file name="WineDetailModal.jsx" path="/Users/nelson/techtonica/TasteVault/Taste_vault/client/src/components/WineDetailModal.jsx">
        <metrics statements="6" coveredstatements="5" conditionals="4" coveredconditionals="2" methods="5" coveredmethods="4"/>
        <line num="1" count="1" type="stmt"/>
        <line num="3" count="1" type="stmt"/>
        <line num="10" count="0" type="stmt"/>
        <line num="84" count="2" type="stmt"/>
        <line num="100" count="1" type="stmt"/>
        <line num="108" count="2" type="stmt"/>
      </file>
    </package>
    <package name="pages">
      <metrics statements="27" coveredstatements="23" conditionals="9" coveredconditionals="6" methods="6" coveredmethods="5"/>
      <file name="DiscoveryPage.jsx" path="/Users/nelson/techtonica/TasteVault/Taste_vault/client/src/pages/DiscoveryPage.jsx">
        <metrics statements="27" coveredstatements="23" conditionals="9" coveredconditionals="6" methods="6" coveredmethods="5"/>
        <line num="7" count="1" type="stmt"/>
        <line num="8" count="20" type="stmt"/>
        <line num="10" count="20" type="stmt"/>
        <line num="11" count="20" type="stmt"/>
        <line num="12" count="20" type="stmt"/>
        <line num="13" count="20" type="stmt"/>
        <line num="15" count="20" type="cond" truecount="1" falsecount="0"/>
        <line num="17" count="4" type="stmt"/>
        <line num="19" count="4" type="stmt"/>
        <line num="20" count="4" type="stmt"/>
        <line num="22" count="4" type="stmt"/>
        <line num="23" count="4" type="stmt"/>
        <line num="25" count="4" type="cond" truecount="1" falsecount="1"/>
        <line num="26" count="0" type="cond" truecount="0" falsecount="2"/>
        <line num="29" count="4" type="stmt"/>
        <line num="30" count="4" type="stmt"/>
        <line num="32" count="0" type="stmt"/>
        <line num="33" count="0" type="stmt"/>
        <line num="35" count="4" type="stmt"/>
        <line num="39" count="20" type="stmt"/>
        <line num="40" count="3" type="stmt"/>
        <line num="43" count="20" type="stmt"/>
        <line num="44" count="1" type="stmt"/>
        <line num="47" count="20" type="stmt"/>
        <line num="48" count="0" type="stmt"/>
        <line num="51" count="20" type="stmt"/>
        <line num="62" count="5" type="stmt"/>
      </file>
    </package>
  </project>
</coverage>
