<?xml version="1.0" encoding="UTF-8"?>
<coverage generated="1778796879837" clover="3.2.0">
  <project timestamp="1778796879837" name="All files">
    <metrics statements="147" coveredstatements="103" conditionals="68" coveredconditionals="28" methods="49" coveredmethods="31" elements="264" coveredelements="162" complexity="0" loc="147" ncloc="147" packages="1" files="4" classes="4"/>
    <file name="AddNoteModal.jsx" path="/Users/nelson/techtonica/TasteVault/Taste_vault/client/src/components/AddNoteModal.jsx">
      <metrics statements="126" coveredstatements="83" conditionals="60" coveredconditionals="23" methods="36" coveredmethods="19"/>
      <line num="5" count="1" type="stmt"/>
      <line num="6" count="84" type="stmt"/>
      <line num="8" count="84" type="stmt"/>
      <line num="9" count="84" type="stmt"/>
      <line num="10" count="84" type="stmt"/>
      <line num="11" count="84" type="stmt"/>
      <line num="12" count="84" type="stmt"/>
      <line num="24" count="84" type="stmt"/>
      <line num="25" count="84" type="stmt"/>
      <line num="26" count="84" type="stmt"/>
      <line num="27" count="84" type="stmt"/>
      <line num="29" count="84" type="stmt"/>
      <line num="38" count="84" type="stmt"/>
      <line num="39" count="2" type="stmt"/>
      <line num="40" count="2" type="stmt"/>
      <line num="41" count="2" type="stmt"/>
      <line num="43" count="2" type="cond" truecount="1" falsecount="1"/>
      <line num="44" count="0" type="cond" truecount="0" falsecount="2"/>
      <line num="47" count="2" type="stmt"/>
      <line num="49" count="0" type="stmt"/>
      <line num="53" count="84" type="stmt"/>
      <line num="54" count="1" type="stmt"/>
      <line num="55" count="1" type="stmt"/>
      <line num="56" count="1" type="stmt"/>
      <line num="58" count="1" type="stmt"/>
      <line num="75" count="1" type="stmt"/>
      <line num="77" count="1" type="cond" truecount="1" falsecount="1"/>
      <line num="78" count="0" type="cond" truecount="0" falsecount="2"/>
      <line num="81" count="1" type="stmt"/>
      <line num="83" count="1" type="stmt"/>
      <line num="88" count="0" type="stmt"/>
      <line num="89" count="0" type="stmt"/>
      <line num="91" count="1" type="stmt"/>
      <line num="95" count="84" type="stmt"/>
      <line num="96" count="2" type="stmt"/>
      <line num="99" count="84" type="stmt"/>
      <line num="100" count="1" type="stmt"/>
      <line num="101" count="1" type="stmt"/>
      <line num="103" count="1" type="stmt"/>
      <line num="104" count="1" type="stmt"/>
      <line num="105" count="1" type="cond" truecount="1" falsecount="1"/>
      <line num="106" count="0" type="cond" truecount="0" falsecount="2"/>
      <line num="109" count="1" type="stmt"/>
      <line num="110" count="1" type="stmt"/>
      <line num="112" count="0" type="stmt"/>
      <line num="113" count="0" type="stmt"/>
      <line num="115" count="1" type="stmt"/>
      <line num="119" count="84" type="stmt"/>
      <line num="120" count="1" type="stmt"/>
      <line num="121" count="1" type="stmt"/>
      <line num="123" count="1" type="stmt"/>
      <line num="128" count="1" type="stmt"/>
      <line num="131" count="84" type="stmt"/>
      <line num="132" count="23" type="cond" truecount="1" falsecount="1"/>
      <line num="133" count="23" type="stmt"/>
      <line num="136" count="0" type="cond" truecount="0" falsecount="2"/>
      <line num="139" count="84" type="stmt"/>
      <line num="140" count="36" type="stmt"/>
      <line num="142" count="36" type="stmt"/>
      <line num="148" count="84" type="stmt"/>
      <line num="149" count="38" type="stmt"/>
      <line num="151" count="38" type="stmt"/>
      <line num="152" count="38" type="cond" truecount="2" falsecount="2"/>
      <line num="153" count="0" type="stmt"/>
      <line num="155" count="0" type="stmt"/>
      <line num="162" count="84" type="stmt"/>
      <line num="163" count="0" type="stmt"/>
      <line num="165" count="0" type="stmt"/>
      <line num="171" count="84" type="stmt"/>
      <line num="172" count="82" type="cond" truecount="1" falsecount="1"/>
      <line num="173" count="82" type="stmt"/>
      <line num="176" count="82" type="stmt"/>
      <line num="177" count="82" type="stmt"/>
      <line num="181" count="84" type="stmt"/>
      <line num="182" count="0" type="stmt"/>
      <line num="183" count="0" type="cond" truecount="0" falsecount="2"/>
      <line num="184" count="0" type="stmt"/>
      <line num="189" count="84" type="stmt"/>
      <line num="190" count="0" type="stmt"/>
      <line num="191" count="0" type="stmt"/>
      <line num="193" count="0" type="stmt"/>
      <line num="194" count="0" type="stmt"/>
      <line num="197" count="0" type="cond" truecount="0" falsecount="2"/>
      <line num="199" count="0" type="stmt"/>
      <line num="201" count="0" type="cond" truecount="0" falsecount="2"/>
      <line num="203" count="0" type="stmt"/>
      <line num="205" count="0" type="cond" truecount="0" falsecount="2"/>
      <line num="206" count="0" type="stmt"/>
      <line num="208" count="0" type="stmt"/>
      <line num="215" count="0" type="stmt"/>
      <line num="222" count="0" type="stmt"/>
      <line num="227" count="0" type="stmt"/>
      <line num="231" count="84" type="stmt"/>
      <line num="232" count="1" type="stmt"/>
      <line num="233" count="1" type="stmt"/>
      <line num="234" count="1" type="stmt"/>
      <line num="236" count="1" type="cond" truecount="1" falsecount="1"/>
      <line num="237" count="0" type="stmt"/>
      <line num="238" count="0" type="stmt"/>
      <line num="241" count="1" type="stmt"/>
      <line num="242" count="1" type="stmt"/>
      <line num="244" count="1" type="stmt"/>
      <line num="246" count="1" type="stmt"/>
      <line num="255" count="1" type="stmt"/>
      <line num="257" count="1" type="cond" truecount="1" falsecount="1"/>
      <line num="258" count="0" type="cond" truecount="0" falsecount="2"/>
      <line num="261" count="1" type="stmt"/>
      <line num="262" count="1" type="stmt"/>
      <line num="264" count="0" type="stmt"/>
      <line num="265" count="0" type="stmt"/>
      <line num="267" count="1" type="stmt"/>
      <line num="271" count="84" type="stmt"/>
      <line num="278" count="8" type="stmt"/>
      <line num="336" count="1" type="stmt"/>
      <line num="340" count="1" type="stmt"/>
      <line num="380" count="504" type="stmt"/>
      <line num="407" count="82" type="stmt"/>
      <line num="408" count="82" type="stmt"/>
      <line num="412" count="0" type="stmt"/>
      <line num="426" count="0" type="stmt"/>
      <line num="432" count="0" type="stmt"/>
      <line num="433" count="0" type="cond" truecount="0" falsecount="2"/>
      <line num="437" count="0" type="stmt"/>
      <line num="441" count="0" type="stmt"/>
      <line num="462" count="0" type="stmt"/>
      <line num="466" count="0" type="stmt"/>
    </file>
    <file name="GlobalSearchBar.jsx" path="/Users/nelson/techtonica/TasteVault/Taste_vault/client/src/components/GlobalSearchBar.jsx">
      <metrics statements="9" coveredstatements="9" conditionals="2" coveredconditionals="2" methods="5" coveredmethods="5"/>
      <line num="3" count="2" type="stmt"/>
      <line num="4" count="87" type="stmt"/>
      <line num="5" count="44" type="stmt"/>
      <line num="7" count="44" type="cond" truecount="2" falsecount="0"/>
      <line num="9" count="40" type="stmt"/>
      <line num="10" count="2" type="stmt"/>
      <line num="13" count="40" type="stmt"/>
      <line num="16" count="87" type="stmt"/>
      <line num="21" count="39" type="stmt"/>
    </file>
    <file name="WineCard.jsx" path="/Users/nelson/techtonica/TasteVault/Taste_vault/client/src/components/WineCard.jsx">
      <metrics statements="6" coveredstatements="6" conditionals="2" coveredconditionals="1" methods="3" coveredmethods="3"/>
      <line num="1" count="1" type="stmt"/>
      <line num="3" count="2" type="stmt"/>
      <line num="4" count="1" type="stmt"/>
      <line num="5" count="1" type="stmt"/>
      <line num="8" count="2" type="stmt"/>
      <line num="49" count="4" type="stmt"/>
    </file>
    <file name="WineDetailModal.jsx" path="/Users/nelson/techtonica/TasteVault/Taste_vault/client/src/components/WineDetailModal.jsx">
      <metrics statements="6" coveredstatements="5" conditionals="4" coveredconditionals="2" methods="5" coveredmethods="4"/>
      <line num="1" count="1" type="stmt"/>
      <line num="3" count="1" type="stmt"/>
      <line num="10" count="0" type="stmt"/>
      <line num="84" count="2" type="stmt"/>
      <line num="100" count="1" type="stmt"/>
      <line num="108" count="2" type="stmt"/>
    </file>
  </project>
</coverage>
