{"/Users/nelson/techtonica/TasteVault/Taste_vault/client/src/components/AddNoteModal.jsx": {"path":"/Users/nelson/techtonica/TasteVault/Taste_vault/client/src/components/AddNoteModal.jsx","statementMap":{"0":{"start":{"line":5,"column":13},"end":{"line":506,"column":null}},"1":{"start":{"line":6,"column":20},"end":{"line":6,"column":null}},"2":{"start":{"line":8,"column":20},"end":{"line":8,"column":49}},"3":{"start":{"line":9,"column":25},"end":{"line":9,"column":56}},"4":{"start":{"line":10,"column":25},"end":{"line":10,"column":58}},"5":{"start":{"line":11,"column":24},"end":{"line":11,"column":54}},"6":{"start":{"line":12,"column":21},"end":{"line":23,"column":null}},"7":{"start":{"line":24,"column":22},"end":{"line":24,"column":50}},"8":{"start":{"line":25,"column":27},"end":{"line":25,"column":60}},"9":{"start":{"line":26,"column":25},"end":{"line":26,"column":59}},"10":{"start":{"line":27,"column":26},"end":{"line":27,"column":58}},"11":{"start":{"line":29,"column":25},"end":{"line":36,"column":null}},"12":{"start":{"line":38,"column":26},"end":{"line":49,"column":null}},"13":{"start":{"line":39,"column":8},"end":{"line":49,"column":null}},"14":{"start":{"line":40,"column":24},"end":{"line":40,"column":63}},"15":{"start":{"line":41,"column":25},"end":{"line":41,"column":41}},"16":{"start":{"line":43,"column":12},"end":{"line":44,"column":null}},"17":{"start":{"line":44,"column":16},"end":{"line":44,"column":null}},"18":{"start":{"line":47,"column":12},"end":{"line":47,"column":null}},"19":{"start":{"line":49,"column":12},"end":{"line":49,"column":null}},"20":{"start":{"line":53,"column":31},"end":{"line":91,"column":null}},"21":{"start":{"line":54,"column":8},"end":{"line":91,"column":null}},"22":{"start":{"line":55,"column":12},"end":{"line":55,"column":null}},"23":{"start":{"line":56,"column":26},"end":{"line":56,"column":55}},"24":{"start":{"line":58,"column":24},"end":{"line":74,"column":14}},"25":{"start":{"line":75,"column":25},"end":{"line":75,"column":41}},"26":{"start":{"line":77,"column":12},"end":{"line":78,"column":null}},"27":{"start":{"line":78,"column":12},"end":{"line":78,"column":null}},"28":{"start":{"line":81,"column":12},"end":{"line":81,"column":null}},"29":{"start":{"line":83,"column":12},"end":{"line":86,"column":null}},"30":{"start":{"line":83,"column":35},"end":{"line":86,"column":15}},"31":{"start":{"line":88,"column":12},"end":{"line":88,"column":null}},"32":{"start":{"line":89,"column":12},"end":{"line":89,"column":null}},"33":{"start":{"line":91,"column":12},"end":{"line":91,"column":null}},"34":{"start":{"line":95,"column":4},"end":{"line":97,"column":null}},"35":{"start":{"line":96,"column":8},"end":{"line":96,"column":null}},"36":{"start":{"line":99,"column":29},"end":{"line":115,"column":null}},"37":{"start":{"line":100,"column":8},"end":{"line":115,"column":null}},"38":{"start":{"line":101,"column":12},"end":{"line":101,"column":null}},"39":{"start":{"line":103,"column":24},"end":{"line":103,"column":100}},"40":{"start":{"line":104,"column":25},"end":{"line":104,"column":41}},"41":{"start":{"line":105,"column":12},"end":{"line":106,"column":null}},"42":{"start":{"line":106,"column":16},"end":{"line":106,"column":null}},"43":{"start":{"line":109,"column":12},"end":{"line":109,"column":null}},"44":{"start":{"line":110,"column":12},"end":{"line":110,"column":null}},"45":{"start":{"line":112,"column":12},"end":{"line":112,"column":null}},"46":{"start":{"line":113,"column":12},"end":{"line":113,"column":null}},"47":{"start":{"line":115,"column":12},"end":{"line":115,"column":null}},"48":{"start":{"line":119,"column":10},"end":{"line":128,"column":null}},"49":{"start":{"line":120,"column":8},"end":{"line":120,"column":null}},"50":{"start":{"line":121,"column":8},"end":{"line":121,"column":null}},"51":{"start":{"line":123,"column":8},"end":{"line":126,"column":null}},"52":{"start":{"line":123,"column":31},"end":{"line":126,"column":11}},"53":{"start":{"line":128,"column":8},"end":{"line":128,"column":null}},"54":{"start":{"line":131,"column":10},"end":{"line":136,"column":null}},"55":{"start":{"line":132,"column":8},"end":{"line":133,"column":null}},"56":{"start":{"line":133,"column":12},"end":{"line":133,"column":null}},"57":{"start":{"line":136,"column":8},"end":{"line":136,"column":null}},"58":{"start":{"line":139,"column":10},"end":{"line":145,"column":null}},"59":{"start":{"line":140,"column":32},"end":{"line":140,"column":null}},"60":{"start":{"line":142,"column":8},"end":{"line":145,"column":null}},"61":{"start":{"line":142,"column":31},"end":{"line":145,"column":11}},"62":{"start":{"line":148,"column":10},"end":{"line":158,"column":null}},"63":{"start":{"line":149,"column":8},"end":{"line":149,"column":null}},"64":{"start":{"line":151,"column":8},"end":{"line":151,"column":null}},"65":{"start":{"line":152,"column":8},"end":{"line":158,"column":null}},"66":{"start":{"line":153,"column":12},"end":{"line":153,"column":null}},"67":{"start":{"line":155,"column":12},"end":{"line":158,"column":null}},"68":{"start":{"line":155,"column":35},"end":{"line":158,"column":15}},"69":{"start":{"line":162,"column":10},"end":{"line":168,"column":null}},"70":{"start":{"line":163,"column":32},"end":{"line":163,"column":null}},"71":{"start":{"line":165,"column":8},"end":{"line":168,"column":null}},"72":{"start":{"line":165,"column":31},"end":{"line":168,"column":11}},"73":{"start":{"line":171,"column":24},"end":{"line":178,"column":null}},"74":{"start":{"line":172,"column":8},"end":{"line":173,"column":null}},"75":{"start":{"line":173,"column":12},"end":{"line":173,"column":null}},"76":{"start":{"line":176,"column":8},"end":{"line":176,"column":null}},"77":{"start":{"line":177,"column":8},"end":{"line":177,"column":null}},"78":{"start":{"line":181,"column":10},"end":{"line":186,"column":null}},"79":{"start":{"line":182,"column":8},"end":{"line":186,"column":null}},"80":{"start":{"line":183,"column":12},"end":{"line":185,"column":33}},"81":{"start":{"line":184,"column":37},"end":{"line":184,"column":56}},"82":{"start":{"line":189,"column":10},"end":{"line":228,"column":null}},"83":{"start":{"line":190,"column":8},"end":{"line":228,"column":null}},"84":{"start":{"line":191,"column":29},"end":{"line":191,"column":50}},"85":{"start":{"line":193,"column":31},"end":{"line":194,"column":null}},"86":{"start":{"line":194,"column":26},"end":{"line":194,"column":null}},"87":{"start":{"line":197,"column":12},"end":{"line":225,"column":null}},"88":{"start":{"line":199,"column":37},"end":{"line":199,"column":null}},"89":{"start":{"line":201,"column":16},"end":{"line":218,"column":null}},"90":{"start":{"line":203,"column":41},"end":{"line":203,"column":88}},"91":{"start":{"line":203,"column":71},"end":{"line":203,"column":88}},"92":{"start":{"line":205,"column":20},"end":{"line":211,"column":null}},"93":{"start":{"line":206,"column":24},"end":{"line":206,"column":null}},"94":{"start":{"line":208,"column":24},"end":{"line":211,"column":null}},"95":{"start":{"line":215,"column":20},"end":{"line":218,"column":null}},"96":{"start":{"line":222,"column":16},"end":{"line":225,"column":null}},"97":{"start":{"line":227,"column":12},"end":{"line":227,"column":null}},"98":{"start":{"line":231,"column":25},"end":{"line":267,"column":null}},"99":{"start":{"line":232,"column":8},"end":{"line":232,"column":null}},"100":{"start":{"line":233,"column":8},"end":{"line":233,"column":null}},"101":{"start":{"line":234,"column":8},"end":{"line":234,"column":null}},"102":{"start":{"line":236,"column":8},"end":{"line":238,"column":null}},"103":{"start":{"line":237,"column":12},"end":{"line":237,"column":null}},"104":{"start":{"line":238,"column":12},"end":{"line":238,"column":null}},"105":{"start":{"line":241,"column":8},"end":{"line":267,"column":null}},"106":{"start":{"line":242,"column":12},"end":{"line":242,"column":null}},"107":{"start":{"line":244,"column":26},"end":{"line":244,"column":55}},"108":{"start":{"line":246,"column":24},"end":{"line":253,"column":14}},"109":{"start":{"line":255,"column":25},"end":{"line":255,"column":41}},"110":{"start":{"line":257,"column":12},"end":{"line":258,"column":null}},"111":{"start":{"line":258,"column":16},"end":{"line":258,"column":null}},"112":{"start":{"line":261,"column":12},"end":{"line":261,"column":null}},"113":{"start":{"line":262,"column":12},"end":{"line":262,"column":null}},"114":{"start":{"line":264,"column":12},"end":{"line":264,"column":null}},"115":{"start":{"line":265,"column":12},"end":{"line":265,"column":null}},"116":{"start":{"line":267,"column":12},"end":{"line":267,"column":null}},"117":{"start":{"line":271,"column":2},"end":{"line":506,"column":null}},"118":{"start":{"line":278,"column":28},"end":{"line":278,"column":47}},"119":{"start":{"line":336,"column":32},"end":{"line":356,"column":null}},"120":{"start":{"line":340,"column":55},"end":{"line":340,"column":77}},"121":{"start":{"line":380,"column":16},"end":{"line":398,"column":null}},"122":{"start":{"line":407,"column":39},"end":{"line":407,"column":73}},"123":{"start":{"line":408,"column":20},"end":{"line":420,"column":null}},"124":{"start":{"line":412,"column":43},"end":{"line":412,"column":65}},"125":{"start":{"line":426,"column":20},"end":{"line":453,"column":null}},"126":{"start":{"line":432,"column":47},"end":{"line":434,"column":null}},"127":{"start":{"line":433,"column":32},"end":{"line":434,"column":64}},"128":{"start":{"line":437,"column":28},"end":{"line":449,"column":null}},"129":{"start":{"line":441,"column":51},"end":{"line":441,"column":91}},"130":{"start":{"line":462,"column":28},"end":{"line":469,"column":null}},"131":{"start":{"line":466,"column":40},"end":{"line":466,"column":64}}},"fnMap":{"0":{"name":"(anonymous_0)","decl":{"start":{"line":5,"column":13},"end":{"line":5,"column":29}},"loc":{"start":{"line":5,"column":45},"end":{"line":506,"column":null}},"line":5},"1":{"name":"(anonymous_1)","decl":{"start":{"line":38,"column":26},"end":{"line":38,"column":38}},"loc":{"start":{"line":38,"column":38},"end":{"line":49,"column":null}},"line":38},"2":{"name":"(anonymous_2)","decl":{"start":{"line":53,"column":31},"end":{"line":53,"column":43}},"loc":{"start":{"line":53,"column":43},"end":{"line":91,"column":null}},"line":53},"3":{"name":"(anonymous_3)","decl":{"start":{"line":83,"column":12},"end":{"line":83,"column":25}},"loc":{"start":{"line":83,"column":35},"end":{"line":86,"column":15}},"line":83},"4":{"name":"(anonymous_4)","decl":{"start":{"line":95,"column":4},"end":{"line":95,"column":20}},"loc":{"start":{"line":95,"column":20},"end":{"line":97,"column":9}},"line":95},"5":{"name":"(anonymous_5)","decl":{"start":{"line":99,"column":29},"end":{"line":99,"column":36}},"loc":{"start":{"line":99,"column":51},"end":{"line":115,"column":null}},"line":99},"6":{"name":"(anonymous_6)","decl":{"start":{"line":119,"column":10},"end":{"line":119,"column":30}},"loc":{"start":{"line":119,"column":39},"end":{"line":128,"column":null}},"line":119},"7":{"name":"(anonymous_7)","decl":{"start":{"line":123,"column":8},"end":{"line":123,"column":21}},"loc":{"start":{"line":123,"column":31},"end":{"line":126,"column":11}},"line":123},"8":{"name":"(anonymous_8)","decl":{"start":{"line":131,"column":10},"end":{"line":131,"column":29}},"loc":{"start":{"line":131,"column":42},"end":{"line":136,"column":null}},"line":131},"9":{"name":"(anonymous_9)","decl":{"start":{"line":139,"column":10},"end":{"line":139,"column":26}},"loc":{"start":{"line":139,"column":32},"end":{"line":145,"column":null}},"line":139},"10":{"name":"(anonymous_10)","decl":{"start":{"line":142,"column":8},"end":{"line":142,"column":21}},"loc":{"start":{"line":142,"column":31},"end":{"line":145,"column":11}},"line":142},"11":{"name":"(anonymous_11)","decl":{"start":{"line":148,"column":10},"end":{"line":148,"column":36}},"loc":{"start":{"line":148,"column":46},"end":{"line":158,"column":null}},"line":148},"12":{"name":"(anonymous_12)","decl":{"start":{"line":155,"column":12},"end":{"line":155,"column":25}},"loc":{"start":{"line":155,"column":35},"end":{"line":158,"column":15}},"line":155},"13":{"name":"(anonymous_13)","decl":{"start":{"line":162,"column":10},"end":{"line":162,"column":32}},"loc":{"start":{"line":162,"column":38},"end":{"line":168,"column":null}},"line":162},"14":{"name":"(anonymous_14)","decl":{"start":{"line":165,"column":8},"end":{"line":165,"column":21}},"loc":{"start":{"line":165,"column":31},"end":{"line":168,"column":11}},"line":165},"15":{"name":"(anonymous_15)","decl":{"start":{"line":171,"column":34},"end":{"line":171,"column":42}},"loc":{"start":{"line":171,"column":55},"end":{"line":178,"column":12}},"line":171},"16":{"name":"(anonymous_16)","decl":{"start":{"line":181,"column":10},"end":{"line":181,"column":25}},"loc":{"start":{"line":181,"column":39},"end":{"line":186,"column":null}},"line":181},"17":{"name":"(anonymous_17)","decl":{"start":{"line":182,"column":8},"end":{"line":182,"column":27}},"loc":{"start":{"line":183,"column":12},"end":{"line":185,"column":33}},"line":183},"18":{"name":"(anonymous_18)","decl":{"start":{"line":184,"column":19},"end":{"line":184,"column":27}},"loc":{"start":{"line":184,"column":37},"end":{"line":184,"column":56}},"line":184},"19":{"name":"(anonymous_19)","decl":{"start":{"line":189,"column":10},"end":{"line":189,"column":29}},"loc":{"start":{"line":189,"column":52},"end":{"line":228,"column":null}},"line":189},"20":{"name":"(anonymous_20)","decl":{"start":{"line":190,"column":8},"end":{"line":190,"column":20}},"loc":{"start":{"line":190,"column":28},"end":{"line":228,"column":null}},"line":190},"21":{"name":"(anonymous_21)","decl":{"start":{"line":193,"column":42},"end":{"line":193,"column":null}},"loc":{"start":{"line":194,"column":26},"end":{"line":194,"column":null}},"line":194},"22":{"name":"(anonymous_22)","decl":{"start":{"line":203,"column":54},"end":{"line":203,"column":62}},"loc":{"start":{"line":203,"column":71},"end":{"line":203,"column":88}},"line":203},"23":{"name":"(anonymous_23)","decl":{"start":{"line":231,"column":25},"end":{"line":231,"column":32}},"loc":{"start":{"line":231,"column":38},"end":{"line":267,"column":null}},"line":231},"24":{"name":"(anonymous_24)","decl":{"start":{"line":278,"column":12},"end":{"line":278,"column":22}},"loc":{"start":{"line":278,"column":28},"end":{"line":278,"column":47}},"line":278},"25":{"name":"(anonymous_25)","decl":{"start":{"line":335,"column":42},"end":{"line":335,"column":47}},"loc":{"start":{"line":335,"column":54},"end":{"line":356,"column":null}},"line":335},"26":{"name":"(anonymous_26)","decl":{"start":{"line":340,"column":40},"end":{"line":340,"column":55}},"loc":{"start":{"line":340,"column":55},"end":{"line":340,"column":77}},"line":340},"27":{"name":"(anonymous_27)","decl":{"start":{"line":379,"column":26},"end":{"line":379,"column":31}},"loc":{"start":{"line":380,"column":16},"end":{"line":398,"column":null}},"line":380},"28":{"name":"(anonymous_28)","decl":{"start":{"line":406,"column":42},"end":{"line":406,"column":47}},"loc":{"start":{"line":406,"column":61},"end":{"line":420,"column":null}},"line":406},"29":{"name":"(anonymous_29)","decl":{"start":{"line":412,"column":28},"end":{"line":412,"column":43}},"loc":{"start":{"line":412,"column":43},"end":{"line":412,"column":65}},"line":412},"30":{"name":"(anonymous_30)","decl":{"start":{"line":425,"column":32},"end":{"line":425,"column":37}},"loc":{"start":{"line":426,"column":20},"end":{"line":453,"column":null}},"line":426},"31":{"name":"(anonymous_31)","decl":{"start":{"line":431,"column":49},"end":{"line":431,"column":54}},"loc":{"start":{"line":431,"column":62},"end":{"line":449,"column":null}},"line":431},"32":{"name":"(anonymous_32)","decl":{"start":{"line":432,"column":68},"end":{"line":432,"column":74}},"loc":{"start":{"line":433,"column":32},"end":{"line":434,"column":64}},"line":433},"33":{"name":"(anonymous_33)","decl":{"start":{"line":441,"column":36},"end":{"line":441,"column":51}},"loc":{"start":{"line":441,"column":51},"end":{"line":441,"column":91}},"line":441},"34":{"name":"(anonymous_34)","decl":{"start":{"line":461,"column":46},"end":{"line":461,"column":51}},"loc":{"start":{"line":462,"column":28},"end":{"line":469,"column":null}},"line":462},"35":{"name":"(anonymous_35)","decl":{"start":{"line":465,"column":55},"end":{"line":465,"column":60}},"loc":{"start":{"line":466,"column":40},"end":{"line":466,"column":64}},"line":466}},"branchMap":{"0":{"loc":{"start":{"line":43,"column":12},"end":{"line":44,"column":null}},"type":"if","locations":[{"start":{"line":43,"column":12},"end":{"line":44,"column":null}},{"start":{},"end":{}}],"line":43},"1":{"loc":{"start":{"line":44,"column":32},"end":{"line":44,"column":75}},"type":"binary-expr","locations":[{"start":{"line":44,"column":32},"end":{"line":44,"column":46}},{"start":{"line":44,"column":46},"end":{"line":44,"column":75}}],"line":44},"2":{"loc":{"start":{"line":77,"column":12},"end":{"line":78,"column":null}},"type":"if","locations":[{"start":{"line":77,"column":12},"end":{"line":78,"column":null}},{"start":{},"end":{}}],"line":77},"3":{"loc":{"start":{"line":78,"column":28},"end":{"line":78,"column":68}},"type":"binary-expr","locations":[{"start":{"line":78,"column":28},"end":{"line":78,"column":42}},{"start":{"line":78,"column":42},"end":{"line":78,"column":68}}],"line":78},"4":{"loc":{"start":{"line":105,"column":12},"end":{"line":106,"column":null}},"type":"if","locations":[{"start":{"line":105,"column":12},"end":{"line":106,"column":null}},{"start":{},"end":{}}],"line":105},"5":{"loc":{"start":{"line":106,"column":32},"end":{"line":106,"column":70}},"type":"binary-expr","locations":[{"start":{"line":106,"column":32},"end":{"line":106,"column":46}},{"start":{"line":106,"column":46},"end":{"line":106,"column":70}}],"line":106},"6":{"loc":{"start":{"line":132,"column":8},"end":{"line":133,"column":null}},"type":"if","locations":[{"start":{"line":132,"column":8},"end":{"line":133,"column":null}},{"start":{},"end":{}}],"line":132},"7":{"loc":{"start":{"line":136,"column":15},"end":{"line":136,"column":null}},"type":"cond-expr","locations":[{"start":{"line":136,"column":43},"end":{"line":136,"column":65}},{"start":{"line":136,"column":65},"end":{"line":136,"column":null}}],"line":136},"8":{"loc":{"start":{"line":152,"column":8},"end":{"line":158,"column":null}},"type":"if","locations":[{"start":{"line":152,"column":8},"end":{"line":158,"column":null}},{"start":{},"end":{}}],"line":152},"9":{"loc":{"start":{"line":152,"column":12},"end":{"line":152,"column":57}},"type":"binary-expr","locations":[{"start":{"line":152,"column":12},"end":{"line":152,"column":28}},{"start":{"line":152,"column":28},"end":{"line":152,"column":57}}],"line":152},"10":{"loc":{"start":{"line":172,"column":8},"end":{"line":173,"column":null}},"type":"if","locations":[{"start":{"line":172,"column":8},"end":{"line":173,"column":null}},{"start":{},"end":{}}],"line":172},"11":{"loc":{"start":{"line":183,"column":12},"end":{"line":185,"column":33}},"type":"cond-expr","locations":[{"start":{"line":184,"column":14},"end":{"line":184,"column":56}},{"start":{"line":185,"column":14},"end":{"line":185,"column":33}}],"line":183},"12":{"loc":{"start":{"line":197,"column":12},"end":{"line":225,"column":null}},"type":"if","locations":[{"start":{"line":197,"column":12},"end":{"line":225,"column":null}},{"start":{"line":220,"column":19},"end":{"line":225,"column":null}}],"line":197},"13":{"loc":{"start":{"line":201,"column":16},"end":{"line":218,"column":null}},"type":"if","locations":[{"start":{"line":201,"column":16},"end":{"line":218,"column":null}},{"start":{"line":213,"column":23},"end":{"line":218,"column":null}}],"line":201},"14":{"loc":{"start":{"line":205,"column":20},"end":{"line":211,"column":null}},"type":"if","locations":[{"start":{"line":205,"column":20},"end":{"line":211,"column":null}},{"start":{"line":207,"column":27},"end":{"line":211,"column":null}}],"line":205},"15":{"loc":{"start":{"line":236,"column":8},"end":{"line":238,"column":null}},"type":"if","locations":[{"start":{"line":236,"column":8},"end":{"line":238,"column":null}},{"start":{},"end":{}}],"line":236},"16":{"loc":{"start":{"line":257,"column":12},"end":{"line":258,"column":null}},"type":"if","locations":[{"start":{"line":257,"column":12},"end":{"line":258,"column":null}},{"start":{},"end":{}}],"line":257},"17":{"loc":{"start":{"line":258,"column":32},"end":{"line":258,"column":68}},"type":"binary-expr","locations":[{"start":{"line":258,"column":32},"end":{"line":258,"column":46}},{"start":{"line":258,"column":46},"end":{"line":258,"column":68}}],"line":258},"18":{"loc":{"start":{"line":307,"column":21},"end":{"line":308,"column":null}},"type":"binary-expr","locations":[{"start":{"line":307,"column":21},"end":{"line":307,"column":null}},{"start":{"line":308,"column":24},"end":{"line":308,"column":null}}],"line":307},"19":{"loc":{"start":{"line":311,"column":21},"end":{"line":359,"column":null}},"type":"cond-expr","locations":[{"start":{"line":312,"column":24},"end":{"line":333,"column":37}},{"start":{"line":333,"column":24},"end":{"line":359,"column":null}}],"line":311},"20":{"loc":{"start":{"line":317,"column":33},"end":{"line":324,"column":33}},"type":"binary-expr","locations":[{"start":{"line":317,"column":33},"end":{"line":317,"column":72}},{"start":{"line":318,"column":36},"end":{"line":324,"column":33}}],"line":317},"21":{"loc":{"start":{"line":327,"column":41},"end":{"line":327,"column":null}},"type":"binary-expr","locations":[{"start":{"line":327,"column":41},"end":{"line":327,"column":64}},{"start":{"line":327,"column":64},"end":{"line":327,"column":null}}],"line":327},"22":{"loc":{"start":{"line":333,"column":24},"end":{"line":359,"column":null}},"type":"binary-expr","locations":[{"start":{"line":333,"column":24},"end":{"line":333,"column":null}},{"start":{"line":334,"column":24},"end":{"line":359,"column":null}}],"line":333},"23":{"loc":{"start":{"line":343,"column":41},"end":{"line":350,"column":41}},"type":"binary-expr","locations":[{"start":{"line":343,"column":41},"end":{"line":343,"column":72}},{"start":{"line":344,"column":44},"end":{"line":350,"column":41}}],"line":343},"24":{"loc":{"start":{"line":353,"column":49},"end":{"line":353,"column":null}},"type":"binary-expr","locations":[{"start":{"line":353,"column":49},"end":{"line":353,"column":64}},{"start":{"line":353,"column":64},"end":{"line":353,"column":null}}],"line":353},"25":{"loc":{"start":{"line":414,"column":32},"end":{"line":416,"column":null}},"type":"cond-expr","locations":[{"start":{"line":415,"column":34},"end":{"line":415,"column":null}},{"start":{"line":416,"column":34},"end":{"line":416,"column":null}}],"line":414},"26":{"loc":{"start":{"line":433,"column":32},"end":{"line":434,"column":64}},"type":"binary-expr","locations":[{"start":{"line":433,"column":32},"end":{"line":433,"column":null}},{"start":{"line":434,"column":32},"end":{"line":434,"column":64}}],"line":433},"27":{"loc":{"start":{"line":443,"column":40},"end":{"line":445,"column":null}},"type":"cond-expr","locations":[{"start":{"line":444,"column":42},"end":{"line":444,"column":null}},{"start":{"line":445,"column":42},"end":{"line":445,"column":null}}],"line":443},"28":{"loc":{"start":{"line":456,"column":17},"end":{"line":470,"column":null}},"type":"binary-expr","locations":[{"start":{"line":456,"column":17},"end":{"line":456,"column":null}},{"start":{"line":457,"column":20},"end":{"line":470,"column":null}}],"line":456},"29":{"loc":{"start":{"line":494,"column":17},"end":{"line":494,"column":null}},"type":"cond-expr","locations":[{"start":{"line":494,"column":32},"end":{"line":494,"column":57}},{"start":{"line":494,"column":57},"end":{"line":494,"column":null}}],"line":494}},"s":{"0":1,"1":86,"2":86,"3":86,"4":86,"5":86,"6":86,"7":86,"8":86,"9":86,"10":86,"11":86,"12":86,"13":3,"14":3,"15":3,"16":3,"17":0,"18":3,"19":0,"20":86,"21":1,"22":1,"23":1,"24":1,"25":1,"26":1,"27":0,"28":1,"29":1,"30":1,"31":0,"32":0,"33":1,"34":86,"35":3,"36":86,"37":1,"38":1,"39":1,"40":1,"41":1,"42":0,"43":1,"44":1,"45":0,"46":0,"47":1,"48":86,"49":1,"50":1,"51":1,"52":1,"53":1,"54":86,"55":23,"56":23,"57":0,"58":86,"59":36,"60":36,"61":36,"62":86,"63":38,"64":38,"65":38,"66":0,"67":0,"68":0,"69":86,"70":1,"71":1,"72":1,"73":86,"74":82,"75":82,"76":82,"77":82,"78":86,"79":0,"80":0,"81":0,"82":86,"83":0,"84":0,"85":0,"86":0,"87":0,"88":0,"89":0,"90":0,"91":0,"92":0,"93":0,"94":0,"95":0,"96":0,"97":0,"98":86,"99":1,"100":1,"101":1,"102":1,"103":0,"104":0,"105":1,"106":1,"107":1,"108":1,"109":1,"110":1,"111":0,"112":1,"113":1,"114":0,"115":0,"116":1,"117":86,"118":8,"119":1,"120":1,"121":516,"122":82,"123":82,"124":0,"125":0,"126":0,"127":0,"128":0,"129":0,"130":0,"131":0},"f":{"0":86,"1":3,"2":1,"3":1,"4":3,"5":1,"6":1,"7":1,"8":23,"9":36,"10":36,"11":38,"12":0,"13":1,"14":1,"15":82,"16":0,"17":0,"18":0,"19":0,"20":0,"21":0,"22":0,"23":1,"24":8,"25":1,"26":1,"27":516,"28":82,"29":0,"30":0,"31":0,"32":0,"33":0,"34":0,"35":0},"b":{"0":[0,3],"1":[0,0],"2":[0,1],"3":[0,0],"4":[0,1],"5":[0,0],"6":[23,0],"7":[0,0],"8":[0,38],"9":[38,0],"10":[82,0],"11":[0,0],"12":[0,0],"13":[0,0],"14":[0,0],"15":[0,1],"16":[0,1],"17":[0,0],"18":[86,1],"19":[22,64],"20":[22,0],"21":[22,0],"22":[64,1],"23":[1,0],"24":[1,0],"25":[0,82],"26":[0,0],"27":[0,0],"28":[86,0],"29":[1,85]},"meta":{"lastBranch":30,"lastFunction":36,"lastStatement":132,"seen":{"s:5:13:506:Infinity":0,"f:5:13:5:29":0,"s:6:20:6:Infinity":1,"s:8:20:8:49":2,"s:9:25:9:56":3,"s:10:25:10:58":4,"s:11:24:11:54":5,"s:12:21:23:Infinity":6,"s:24:22:24:50":7,"s:25:27:25:60":8,"s:26:25:26:59":9,"s:27:26:27:58":10,"s:29:25:36:Infinity":11,"s:38:26:49:Infinity":12,"f:38:26:38:38":1,"s:39:8:49:Infinity":13,"s:40:24:40:63":14,"s:41:25:41:41":15,"b:43:12:44:Infinity:undefined:undefined:undefined:undefined":0,"s:43:12:44:Infinity":16,"s:44:16:44:Infinity":17,"b:44:32:44:46:44:46:44:75":1,"s:47:12:47:Infinity":18,"s:49:12:49:Infinity":19,"s:53:31:91:Infinity":20,"f:53:31:53:43":2,"s:54:8:91:Infinity":21,"s:55:12:55:Infinity":22,"s:56:26:56:55":23,"s:58:24:74:14":24,"s:75:25:75:41":25,"b:77:12:78:Infinity:undefined:undefined:undefined:undefined":2,"s:77:12:78:Infinity":26,"s:78:12:78:Infinity":27,"b:78:28:78:42:78:42:78:68":3,"s:81:12:81:Infinity":28,"s:83:12:86:Infinity":29,"f:83:12:83:25":3,"s:83:35:86:15":30,"s:88:12:88:Infinity":31,"s:89:12:89:Infinity":32,"s:91:12:91:Infinity":33,"s:95:4:97:Infinity":34,"f:95:4:95:20":4,"s:96:8:96:Infinity":35,"s:99:29:115:Infinity":36,"f:99:29:99:36":5,"s:100:8:115:Infinity":37,"s:101:12:101:Infinity":38,"s:103:24:103:100":39,"s:104:25:104:41":40,"b:105:12:106:Infinity:undefined:undefined:undefined:undefined":4,"s:105:12:106:Infinity":41,"s:106:16:106:Infinity":42,"b:106:32:106:46:106:46:106:70":5,"s:109:12:109:Infinity":43,"s:110:12:110:Infinity":44,"s:112:12:112:Infinity":45,"s:113:12:113:Infinity":46,"s:115:12:115:Infinity":47,"s:119:10:128:Infinity":48,"f:119:10:119:30":6,"s:120:8:120:Infinity":49,"s:121:8:121:Infinity":50,"s:123:8:126:Infinity":51,"f:123:8:123:21":7,"s:123:31:126:11":52,"s:128:8:128:Infinity":53,"s:131:10:136:Infinity":54,"f:131:10:131:29":8,"b:132:8:133:Infinity:undefined:undefined:undefined:undefined":6,"s:132:8:133:Infinity":55,"s:133:12:133:Infinity":56,"s:136:8:136:Infinity":57,"b:136:43:136:65:136:65:136:Infinity":7,"s:139:10:145:Infinity":58,"f:139:10:139:26":9,"s:140:32:140:Infinity":59,"s:142:8:145:Infinity":60,"f:142:8:142:21":10,"s:142:31:145:11":61,"s:148:10:158:Infinity":62,"f:148:10:148:36":11,"s:149:8:149:Infinity":63,"s:151:8:151:Infinity":64,"b:152:8:158:Infinity:undefined:undefined:undefined:undefined":8,"s:152:8:158:Infinity":65,"b:152:12:152:28:152:28:152:57":9,"s:153:12:153:Infinity":66,"s:155:12:158:Infinity":67,"f:155:12:155:25":12,"s:155:35:158:15":68,"s:162:10:168:Infinity":69,"f:162:10:162:32":13,"s:163:32:163:Infinity":70,"s:165:8:168:Infinity":71,"f:165:8:165:21":14,"s:165:31:168:11":72,"s:171:24:178:Infinity":73,"f:171:34:171:42":15,"b:172:8:173:Infinity:undefined:undefined:undefined:undefined":10,"s:172:8:173:Infinity":74,"s:173:12:173:Infinity":75,"s:176:8:176:Infinity":76,"s:177:8:177:Infinity":77,"s:181:10:186:Infinity":78,"f:181:10:181:25":16,"s:182:8:186:Infinity":79,"f:182:8:182:27":17,"s:183:12:185:33":80,"b:184:14:184:56:185:14:185:33":11,"f:184:19:184:27":18,"s:184:37:184:56":81,"s:189:10:228:Infinity":82,"f:189:10:189:29":19,"s:190:8:228:Infinity":83,"f:190:8:190:20":20,"s:191:29:191:50":84,"s:193:31:194:Infinity":85,"f:193:42:193:Infinity":21,"s:194:26:194:Infinity":86,"b:197:12:225:Infinity:220:19:225:Infinity":12,"s:197:12:225:Infinity":87,"s:199:37:199:Infinity":88,"b:201:16:218:Infinity:213:23:218:Infinity":13,"s:201:16:218:Infinity":89,"s:203:41:203:88":90,"f:203:54:203:62":22,"s:203:71:203:88":91,"b:205:20:211:Infinity:207:27:211:Infinity":14,"s:205:20:211:Infinity":92,"s:206:24:206:Infinity":93,"s:208:24:211:Infinity":94,"s:215:20:218:Infinity":95,"s:222:16:225:Infinity":96,"s:227:12:227:Infinity":97,"s:231:25:267:Infinity":98,"f:231:25:231:32":23,"s:232:8:232:Infinity":99,"s:233:8:233:Infinity":100,"s:234:8:234:Infinity":101,"b:236:8:238:Infinity:undefined:undefined:undefined:undefined":15,"s:236:8:238:Infinity":102,"s:237:12:237:Infinity":103,"s:238:12:238:Infinity":104,"s:241:8:267:Infinity":105,"s:242:12:242:Infinity":106,"s:244:26:244:55":107,"s:246:24:253:14":108,"s:255:25:255:41":109,"b:257:12:258:Infinity:undefined:undefined:undefined:undefined":16,"s:257:12:258:Infinity":110,"s:258:16:258:Infinity":111,"b:258:32:258:46:258:46:258:68":17,"s:261:12:261:Infinity":112,"s:262:12:262:Infinity":113,"s:264:12:264:Infinity":114,"s:265:12:265:Infinity":115,"s:267:12:267:Infinity":116,"s:271:2:506:Infinity":117,"f:278:12:278:22":24,"s:278:28:278:47":118,"b:307:21:307:Infinity:308:24:308:Infinity":18,"b:312:24:333:37:333:24:359:Infinity":19,"b:317:33:317:72:318:36:324:33":20,"b:327:41:327:64:327:64:327:Infinity":21,"b:333:24:333:Infinity:334:24:359:Infinity":22,"f:335:42:335:47":25,"s:336:32:356:Infinity":119,"f:340:40:340:55":26,"s:340:55:340:77":120,"b:343:41:343:72:344:44:350:41":23,"b:353:49:353:64:353:64:353:Infinity":24,"f:379:26:379:31":27,"s:380:16:398:Infinity":121,"f:406:42:406:47":28,"s:407:39:407:73":122,"s:408:20:420:Infinity":123,"f:412:28:412:43":29,"s:412:43:412:65":124,"b:415:34:415:Infinity:416:34:416:Infinity":25,"f:425:32:425:37":30,"s:426:20:453:Infinity":125,"f:431:49:431:54":31,"s:432:47:434:Infinity":126,"f:432:68:432:74":32,"s:433:32:434:64":127,"b:433:32:433:Infinity:434:32:434:64":26,"s:437:28:449:Infinity":128,"f:441:36:441:51":33,"s:441:51:441:91":129,"b:444:42:444:Infinity:445:42:445:Infinity":27,"b:456:17:456:Infinity:457:20:470:Infinity":28,"f:461:46:461:51":34,"s:462:28:469:Infinity":130,"f:465:55:465:60":35,"s:466:40:466:64":131,"b:494:32:494:57:494:57:494:Infinity":29}}}
,"/Users/nelson/techtonica/TasteVault/Taste_vault/client/src/components/GlobalSearchBar.jsx": {"path":"/Users/nelson/techtonica/TasteVault/Taste_vault/client/src/components/GlobalSearchBar.jsx","statementMap":{"0":{"start":{"line":3,"column":13},"end":{"line":25,"column":null}},"1":{"start":{"line":4,"column":4},"end":{"line":14,"column":null}},"2":{"start":{"line":5,"column":24},"end":{"line":5,"column":36}},"3":{"start":{"line":7,"column":8},"end":{"line":7,"column":null}},"4":{"start":{"line":7,"column":22},"end":{"line":7,"column":null}},"5":{"start":{"line":9,"column":22},"end":{"line":11,"column":15}},"6":{"start":{"line":10,"column":12},"end":{"line":10,"column":null}},"7":{"start":{"line":13,"column":8},"end":{"line":13,"column":null}},"8":{"start":{"line":13,"column":21},"end":{"line":13,"column":40}},"9":{"start":{"line":16,"column":2},"end":{"line":25,"column":null}},"10":{"start":{"line":21,"column":29},"end":{"line":21,"column":53}}},"fnMap":{"0":{"name":"(anonymous_0)","decl":{"start":{"line":3,"column":13},"end":{"line":3,"column":32}},"loc":{"start":{"line":3,"column":66},"end":{"line":25,"column":null}},"line":3},"1":{"name":"(anonymous_1)","decl":{"start":{"line":4,"column":4},"end":{"line":4,"column":20}},"loc":{"start":{"line":4,"column":20},"end":{"line":14,"column":8}},"line":4},"2":{"name":"(anonymous_2)","decl":{"start":{"line":9,"column":22},"end":{"line":9,"column":39}},"loc":{"start":{"line":9,"column":39},"end":{"line":11,"column":15}},"line":9},"3":{"name":"(anonymous_3)","decl":{"start":{"line":13,"column":8},"end":{"line":13,"column":21}},"loc":{"start":{"line":13,"column":21},"end":{"line":13,"column":40}},"line":13},"4":{"name":"(anonymous_4)","decl":{"start":{"line":21,"column":12},"end":{"line":21,"column":23}},"loc":{"start":{"line":21,"column":29},"end":{"line":21,"column":53}},"line":21}},"branchMap":{"0":{"loc":{"start":{"line":7,"column":8},"end":{"line":7,"column":null}},"type":"if","locations":[{"start":{"line":7,"column":8},"end":{"line":7,"column":null}},{"start":{},"end":{}}],"line":7}},"s":{"0":2,"1":89,"2":45,"3":45,"4":5,"5":40,"6":2,"7":40,"8":40,"9":89,"10":39},"f":{"0":89,"1":45,"2":2,"3":40,"4":39},"b":{"0":[5,40]},"meta":{"lastBranch":1,"lastFunction":5,"lastStatement":11,"seen":{"s:3:13:25:Infinity":0,"f:3:13:3:32":0,"s:4:4:14:Infinity":1,"f:4:4:4:20":1,"s:5:24:5:36":2,"b:7:8:7:Infinity:undefined:undefined:undefined:undefined":0,"s:7:8:7:Infinity":3,"s:7:22:7:Infinity":4,"s:9:22:11:15":5,"f:9:22:9:39":2,"s:10:12:10:Infinity":6,"s:13:8:13:Infinity":7,"f:13:8:13:21":3,"s:13:21:13:40":8,"s:16:2:25:Infinity":9,"f:21:12:21:23":4,"s:21:29:21:53":10}}}
,"/Users/nelson/techtonica/TasteVault/Taste_vault/client/src/components/Navbar.jsx": {"path":"/Users/nelson/techtonica/TasteVault/Taste_vault/client/src/components/Navbar.jsx","statementMap":{"0":{"start":{"line":7,"column":17},"end":{"line":7,"column":45}},"1":{"start":{"line":8,"column":8},"end":{"line":8,"column":52}},"2":{"start":{"line":10,"column":2},"end":{"line":63,"column":null}},"3":{"start":{"line":16,"column":32},"end":{"line":16,"column":47}},"4":{"start":{"line":17,"column":32},"end":{"line":17,"column":48}},"5":{"start":{"line":22,"column":29},"end":{"line":22,"column":55}},"6":{"start":{"line":22,"column":49},"end":{"line":22,"column":55}},"7":{"start":{"line":33,"column":35},"end":{"line":33,"column":51}},"8":{"start":{"line":40,"column":35},"end":{"line":40,"column":51}}},"fnMap":{"0":{"name":"Navbar","decl":{"start":{"line":6,"column":9},"end":{"line":6,"column":18}},"loc":{"start":{"line":6,"column":18},"end":{"line":63,"column":null}},"line":6},"1":{"name":"(anonymous_1)","decl":{"start":{"line":16,"column":12},"end":{"line":16,"column":32}},"loc":{"start":{"line":16,"column":32},"end":{"line":16,"column":47}},"line":16},"2":{"name":"(anonymous_2)","decl":{"start":{"line":17,"column":12},"end":{"line":17,"column":32}},"loc":{"start":{"line":17,"column":32},"end":{"line":17,"column":48}},"line":17},"3":{"name":"(anonymous_3)","decl":{"start":{"line":22,"column":14},"end":{"line":22,"column":29}},"loc":{"start":{"line":22,"column":29},"end":{"line":22,"column":55}},"line":22},"4":{"name":"(anonymous_4)","decl":{"start":{"line":22,"column":29},"end":{"line":22,"column":40}},"loc":{"start":{"line":22,"column":49},"end":{"line":22,"column":55}},"line":22},"5":{"name":"(anonymous_5)","decl":{"start":{"line":33,"column":20},"end":{"line":33,"column":35}},"loc":{"start":{"line":33,"column":35},"end":{"line":33,"column":51}},"line":33},"6":{"name":"(anonymous_6)","decl":{"start":{"line":40,"column":20},"end":{"line":40,"column":35}},"loc":{"start":{"line":40,"column":35},"end":{"line":40,"column":51}},"line":40}},"branchMap":{"0":{"loc":{"start":{"line":27,"column":13},"end":{"line":45,"column":null}},"type":"binary-expr","locations":[{"start":{"line":27,"column":13},"end":{"line":27,"column":null}},{"start":{"line":28,"column":14},"end":{"line":45,"column":null}}],"line":27}},"s":{"0":3,"1":3,"2":3,"3":1,"4":0,"5":0,"6":0,"7":0,"8":0},"f":{"0":3,"1":1,"2":0,"3":0,"4":0,"5":0,"6":0},"b":{"0":[3,1]},"meta":{"lastBranch":1,"lastFunction":7,"lastStatement":9,"seen":{"f:6:9:6:18":0,"s:7:17:7:45":0,"s:8:8:8:52":1,"s:10:2:63:Infinity":2,"f:16:12:16:32":1,"s:16:32:16:47":3,"f:17:12:17:32":2,"s:17:32:17:48":4,"f:22:14:22:29":3,"s:22:29:22:55":5,"f:22:29:22:40":4,"s:22:49:22:55":6,"b:27:13:27:Infinity:28:14:45:Infinity":0,"f:33:20:33:35":5,"s:33:35:33:51":7,"f:40:20:40:35":6,"s:40:35:40:51":8}}}
,"/Users/nelson/techtonica/TasteVault/Taste_vault/client/src/components/WineCard.jsx": {"path":"/Users/nelson/techtonica/TasteVault/Taste_vault/client/src/components/WineCard.jsx","statementMap":{"0":{"start":{"line":1,"column":13},"end":{"line":56,"column":null}},"1":{"start":{"line":3,"column":10},"end":{"line":5,"column":null}},"2":{"start":{"line":4,"column":8},"end":{"line":4,"column":null}},"3":{"start":{"line":5,"column":8},"end":{"line":5,"column":null}},"4":{"start":{"line":8,"column":2},"end":{"line":56,"column":null}},"5":{"start":{"line":49,"column":12},"end":{"line":54,"column":null}}},"fnMap":{"0":{"name":"(anonymous_0)","decl":{"start":{"line":1,"column":13},"end":{"line":1,"column":25}},"loc":{"start":{"line":1,"column":48},"end":{"line":56,"column":null}},"line":1},"1":{"name":"(anonymous_1)","decl":{"start":{"line":3,"column":10},"end":{"line":3,"column":30}},"loc":{"start":{"line":3,"column":30},"end":{"line":5,"column":null}},"line":3},"2":{"name":"(anonymous_2)","decl":{"start":{"line":48,"column":35},"end":{"line":48,"column":40}},"loc":{"start":{"line":49,"column":12},"end":{"line":54,"column":null}},"line":49}},"branchMap":{"0":{"loc":{"start":{"line":11,"column":9},"end":{"line":20,"column":null}},"type":"cond-expr","locations":[{"start":{"line":12,"column":10},"end":{"line":18,"column":11}},{"start":{"line":18,"column":10},"end":{"line":20,"column":null}}],"line":11}},"s":{"0":1,"1":2,"2":1,"3":1,"4":2,"5":4},"f":{"0":2,"1":1,"2":4},"b":{"0":[2,0]},"meta":{"lastBranch":1,"lastFunction":3,"lastStatement":6,"seen":{"s:1:13:56:Infinity":0,"f:1:13:1:25":0,"s:3:10:5:Infinity":1,"f:3:10:3:30":1,"s:4:8:4:Infinity":2,"s:5:8:5:Infinity":3,"s:8:2:56:Infinity":4,"b:12:10:18:11:18:10:20:Infinity":0,"f:48:35:48:40":2,"s:49:12:54:Infinity":5}}}
,"/Users/nelson/techtonica/TasteVault/Taste_vault/client/src/components/WineDetailModal.jsx": {"path":"/Users/nelson/techtonica/TasteVault/Taste_vault/client/src/components/WineDetailModal.jsx","statementMap":{"0":{"start":{"line":1,"column":13},"end":{"line":123,"column":null}},"1":{"start":{"line":3,"column":2},"end":{"line":123,"column":null}},"2":{"start":{"line":10,"column":24},"end":{"line":10,"column":43}},"3":{"start":{"line":84,"column":18},"end":{"line":89,"column":null}},"4":{"start":{"line":100,"column":18},"end":{"line":115,"column":null}},"5":{"start":{"line":108,"column":22},"end":{"line":113,"column":null}}},"fnMap":{"0":{"name":"(anonymous_0)","decl":{"start":{"line":1,"column":13},"end":{"line":1,"column":32}},"loc":{"start":{"line":1,"column":54},"end":{"line":123,"column":null}},"line":1},"1":{"name":"(anonymous_1)","decl":{"start":{"line":10,"column":8},"end":{"line":10,"column":18}},"loc":{"start":{"line":10,"column":24},"end":{"line":10,"column":43}},"line":10},"2":{"name":"(anonymous_2)","decl":{"start":{"line":83,"column":29},"end":{"line":83,"column":34}},"loc":{"start":{"line":84,"column":18},"end":{"line":89,"column":null}},"line":84},"3":{"name":"(anonymous_3)","decl":{"start":{"line":99,"column":30},"end":{"line":99,"column":35}},"loc":{"start":{"line":100,"column":18},"end":{"line":115,"column":null}},"line":100},"4":{"name":"(anonymous_4)","decl":{"start":{"line":107,"column":34},"end":{"line":107,"column":39}},"loc":{"start":{"line":108,"column":22},"end":{"line":113,"column":null}},"line":108}},"branchMap":{"0":{"loc":{"start":{"line":22,"column":13},"end":{"line":31,"column":null}},"type":"cond-expr","locations":[{"start":{"line":23,"column":14},"end":{"line":29,"column":15}},{"start":{"line":29,"column":14},"end":{"line":31,"column":null}}],"line":22},"1":{"loc":{"start":{"line":38,"column":17},"end":{"line":38,"column":null}},"type":"binary-expr","locations":[{"start":{"line":38,"column":17},"end":{"line":38,"column":32}},{"start":{"line":38,"column":32},"end":{"line":38,"column":null}}],"line":38}},"s":{"0":1,"1":1,"2":0,"3":2,"4":1,"5":2},"f":{"0":1,"1":0,"2":2,"3":1,"4":2},"b":{"0":[1,0],"1":[1,0]},"meta":{"lastBranch":2,"lastFunction":5,"lastStatement":6,"seen":{"s:1:13:123:Infinity":0,"f:1:13:1:32":0,"s:3:2:123:Infinity":1,"f:10:8:10:18":1,"s:10:24:10:43":2,"b:23:14:29:15:29:14:31:Infinity":0,"b:38:17:38:32:38:32:38:Infinity":1,"f:83:29:83:34":2,"s:84:18:89:Infinity":3,"f:99:30:99:35":3,"s:100:18:115:Infinity":4,"f:107:34:107:39":4,"s:108:22:113:Infinity":5}}}
,"/Users/nelson/techtonica/TasteVault/Taste_vault/client/src/pages/DiscoveryPage.jsx": {"path":"/Users/nelson/techtonica/TasteVault/Taste_vault/client/src/pages/DiscoveryPage.jsx","statementMap":{"0":{"start":{"line":7,"column":13},"end":{"line":76,"column":null}},"1":{"start":{"line":8,"column":20},"end":{"line":8,"column":null}},"2":{"start":{"line":10,"column":18},"end":{"line":10,"column":42}},"3":{"start":{"line":11,"column":20},"end":{"line":11,"column":49}},"4":{"start":{"line":12,"column":25},"end":{"line":12,"column":58}},"5":{"start":{"line":13,"column":18},"end":{"line":13,"column":42}},"6":{"start":{"line":15,"column":22},"end":{"line":35,"column":null}},"7":{"start":{"line":17,"column":23},"end":{"line":17,"column":61}},"8":{"start":{"line":19,"column":8},"end":{"line":35,"column":null}},"9":{"start":{"line":20,"column":12},"end":{"line":20,"column":null}},"10":{"start":{"line":22,"column":24},"end":{"line":22,"column":96}},"11":{"start":{"line":23,"column":25},"end":{"line":23,"column":41}},"12":{"start":{"line":25,"column":12},"end":{"line":26,"column":null}},"13":{"start":{"line":26,"column":16},"end":{"line":26,"column":null}},"14":{"start":{"line":29,"column":12},"end":{"line":29,"column":null}},"15":{"start":{"line":30,"column":12},"end":{"line":30,"column":null}},"16":{"start":{"line":32,"column":12},"end":{"line":32,"column":null}},"17":{"start":{"line":33,"column":12},"end":{"line":33,"column":null}},"18":{"start":{"line":35,"column":12},"end":{"line":35,"column":null}},"19":{"start":{"line":39,"column":4},"end":{"line":41,"column":null}},"20":{"start":{"line":40,"column":8},"end":{"line":40,"column":null}},"21":{"start":{"line":43,"column":10},"end":{"line":44,"column":null}},"22":{"start":{"line":44,"column":8},"end":{"line":44,"column":null}},"23":{"start":{"line":47,"column":10},"end":{"line":48,"column":null}},"24":{"start":{"line":48,"column":8},"end":{"line":48,"column":null}},"25":{"start":{"line":51,"column":2},"end":{"line":76,"column":null}},"26":{"start":{"line":62,"column":14},"end":{"line":66,"column":null}}},"fnMap":{"0":{"name":"(anonymous_0)","decl":{"start":{"line":7,"column":13},"end":{"line":7,"column":35}},"loc":{"start":{"line":7,"column":35},"end":{"line":76,"column":null}},"line":7},"1":{"name":"(anonymous_1)","decl":{"start":{"line":15,"column":22},"end":{"line":15,"column":29}},"loc":{"start":{"line":15,"column":49},"end":{"line":35,"column":null}},"line":15},"2":{"name":"(anonymous_2)","decl":{"start":{"line":39,"column":4},"end":{"line":39,"column":20}},"loc":{"start":{"line":39,"column":20},"end":{"line":41,"column":8}},"line":39},"3":{"name":"(anonymous_3)","decl":{"start":{"line":43,"column":10},"end":{"line":43,"column":32}},"loc":{"start":{"line":43,"column":41},"end":{"line":44,"column":null}},"line":43},"4":{"name":"(anonymous_4)","decl":{"start":{"line":47,"column":10},"end":{"line":47,"column":35}},"loc":{"start":{"line":47,"column":35},"end":{"line":48,"column":null}},"line":47},"5":{"name":"(anonymous_5)","decl":{"start":{"line":61,"column":17},"end":{"line":61,"column":22}},"loc":{"start":{"line":62,"column":14},"end":{"line":66,"column":null}},"line":62}},"branchMap":{"0":{"loc":{"start":{"line":15,"column":29},"end":{"line":15,"column":49}},"type":"default-arg","locations":[{"start":{"line":15,"column":42},"end":{"line":15,"column":49}}],"line":15},"1":{"loc":{"start":{"line":25,"column":12},"end":{"line":26,"column":null}},"type":"if","locations":[{"start":{"line":25,"column":12},"end":{"line":26,"column":null}},{"start":{},"end":{}}],"line":25},"2":{"loc":{"start":{"line":26,"column":32},"end":{"line":26,"column":70}},"type":"binary-expr","locations":[{"start":{"line":26,"column":32},"end":{"line":26,"column":46}},{"start":{"line":26,"column":46},"end":{"line":26,"column":70}}],"line":26},"3":{"loc":{"start":{"line":54,"column":9},"end":{"line":57,"column":null}},"type":"binary-expr","locations":[{"start":{"line":54,"column":9},"end":{"line":54,"column":null}},{"start":{"line":55,"column":10},"end":{"line":57,"column":null}}],"line":54},"4":{"loc":{"start":{"line":70,"column":13},"end":{"line":76,"column":null}},"type":"binary-expr","locations":[{"start":{"line":70,"column":13},"end":{"line":70,"column":null}},{"start":{"line":71,"column":16},"end":{"line":76,"column":null}}],"line":70}},"s":{"0":1,"1":20,"2":20,"3":20,"4":20,"5":20,"6":20,"7":4,"8":4,"9":4,"10":4,"11":4,"12":4,"13":0,"14":4,"15":4,"16":0,"17":0,"18":4,"19":20,"20":3,"21":20,"22":1,"23":20,"24":0,"25":20,"26":5},"f":{"0":20,"1":4,"2":3,"3":1,"4":0,"5":5},"b":{"0":[4],"1":[0,4],"2":[0,0],"3":[20,4],"4":[20,1]},"meta":{"lastBranch":5,"lastFunction":6,"lastStatement":27,"seen":{"s:7:13:76:Infinity":0,"f:7:13:7:35":0,"s:8:20:8:Infinity":1,"s:10:18:10:42":2,"s:11:20:11:49":3,"s:12:25:12:58":4,"s:13:18:13:42":5,"s:15:22:35:Infinity":6,"f:15:22:15:29":1,"b:15:42:15:49":0,"s:17:23:17:61":7,"s:19:8:35:Infinity":8,"s:20:12:20:Infinity":9,"s:22:24:22:96":10,"s:23:25:23:41":11,"b:25:12:26:Infinity:undefined:undefined:undefined:undefined":1,"s:25:12:26:Infinity":12,"s:26:16:26:Infinity":13,"b:26:32:26:46:26:46:26:70":2,"s:29:12:29:Infinity":14,"s:30:12:30:Infinity":15,"s:32:12:32:Infinity":16,"s:33:12:33:Infinity":17,"s:35:12:35:Infinity":18,"s:39:4:41:Infinity":19,"f:39:4:39:20":2,"s:40:8:40:Infinity":20,"s:43:10:44:Infinity":21,"f:43:10:43:32":3,"s:44:8:44:Infinity":22,"s:47:10:48:Infinity":23,"f:47:10:47:35":4,"s:48:8:48:Infinity":24,"s:51:2:76:Infinity":25,"b:54:9:54:Infinity:55:10:57:Infinity":3,"f:61:17:61:22":5,"s:62:14:66:Infinity":26,"b:70:13:70:Infinity:71:16:76:Infinity":4}}}
}
